2026-06-24T12:35:11.646+05:30  INFO 12644 --- [agrilink] [restartedMain] com.cts.agrilink.AgrilinkApplication     : Starting AgrilinkApplication using Java 21.0.2 with PID 12644 (C:\Users\2506611\Desktop\AgriLink\target\classes started by 2506611 in C:\Users\2506611\Desktop\AgriLink)
2026-06-24T12:35:11.689+05:30 DEBUG 12644 --- [agrilink] [restartedMain] com.cts.agrilink.AgrilinkApplication     : Running with Spring Boot v4.0.6, Spring v7.0.7
2026-06-24T12:35:11.691+05:30  INFO 12644 --- [agrilink] [restartedMain] com.cts.agrilink.AgrilinkApplication     : No active profile set, falling back to 1 default profile: "default"
2026-06-24T12:35:11.895+05:30  INFO 12644 --- [agrilink] [restartedMain] .e.DevToolsPropertyDefaultsPostProcessor : Devtools property defaults active! Set 'spring.devtools.add-properties' to 'false' to disable
2026-06-24T12:35:11.895+05:30  INFO 12644 --- [agrilink] [restartedMain] .e.DevToolsPropertyDefaultsPostProcessor : For additional web related logging consider setting the 'logging.level.web' property to 'DEBUG'
2026-06-24T12:35:15.140+05:30  INFO 12644 --- [agrilink] [restartedMain] .s.d.r.c.RepositoryConfigurationDelegate : Bootstrapping Spring Data JPA repositories in DEFAULT mode.
2026-06-24T12:35:15.372+05:30  INFO 12644 --- [agrilink] [restartedMain] .s.d.r.c.RepositoryConfigurationDelegate : Finished Spring Data repository scanning in 196 ms. Found 2 JPA repository interfaces.
2026-06-24T12:35:17.164+05:30  INFO 12644 --- [agrilink] [restartedMain] o.s.boot.tomcat.TomcatWebServer          : Tomcat initialized with port 8088 (http)
2026-06-24T12:35:17.211+05:30  INFO 12644 --- [agrilink] [restartedMain] o.apache.catalina.core.StandardService   : Starting service [Tomcat]
2026-06-24T12:35:17.211+05:30  INFO 12644 --- [agrilink] [restartedMain] o.apache.catalina.core.StandardEngine    : Starting Servlet engine: [Apache Tomcat/11.0.21]
2026-06-24T12:35:17.356+05:30  INFO 12644 --- [agrilink] [restartedMain] b.w.c.s.WebApplicationContextInitializer : Root WebApplicationContext: initialization completed in 5458 ms
2026-06-24T12:35:17.839+05:30  INFO 12644 --- [agrilink] [restartedMain] com.zaxxer.hikari.HikariDataSource       : HikariPool-1 - Starting...
2026-06-24T12:35:18.955+05:30  INFO 12644 --- [agrilink] [restartedMain] com.zaxxer.hikari.pool.HikariPool        : HikariPool-1 - Added connection com.mysql.cj.jdbc.ConnectionImpl@3af13aa7
2026-06-24T12:35:18.957+05:30  INFO 12644 --- [agrilink] [restartedMain] com.zaxxer.hikari.HikariDataSource       : HikariPool-1 - Start completed.
2026-06-24T12:35:19.033+05:30  INFO 12644 --- [agrilink] [restartedMain] org.hibernate.orm.jpa                    : HHH008540: Processing PersistenceUnitInfo [name: default]
2026-06-24T12:35:19.356+05:30  INFO 12644 --- [agrilink] [restartedMain] org.hibernate.orm.core                   : HHH000001: Hibernate ORM core version 7.2.12.Final
2026-06-24T12:35:20.926+05:30  INFO 12644 --- [agrilink] [restartedMain] o.s.o.j.p.SpringPersistenceUnitInfo      : No LoadTimeWeaver setup: ignoring JPA class transformer
2026-06-24T12:35:21.145+05:30  WARN 12644 --- [agrilink] [restartedMain] org.hibernate.orm.deprecation            : HHH90000025: MySQLDialect does not need to be specified explicitly using 'hibernate.dialect' (remove the property setting and it will be selected by default)
2026-06-24T12:35:21.209+05:30  INFO 12644 --- [agrilink] [restartedMain] org.hibernate.orm.connections.pooling    : HHH10001005: Database info:
	Database JDBC URL [jdbc:mysql://localhost:3306/agrilink]
	Database driver: MySQL Connector/J
	Database dialect: MySQLDialect
	Database version: 8.0.45
	Default catalog/schema: agrilink/undefined
	Autocommit mode: undefined/unknown
	Isolation level: REPEATABLE_READ [default REPEATABLE_READ]
	JDBC fetch size: none
	Pool: DataSourceConnectionProvider
	Minimum pool size: undefined/unknown
	Maximum pool size: undefined/unknown
2026-06-24T12:35:23.584+05:30  INFO 12644 --- [agrilink] [restartedMain] org.hibernate.orm.core                   : HHH000489: No JTA platform available (set 'hibernate.transaction.jta.platform' to enable JTA platform integration)
2026-06-24T12:35:25.374+05:30  INFO 12644 --- [agrilink] [restartedMain] j.LocalContainerEntityManagerFactoryBean : Initialized JPA EntityManagerFactory for persistence unit 'default'
2026-06-24T12:35:25.587+05:30  INFO 12644 --- [agrilink] [restartedMain] o.s.d.j.r.query.QueryEnhancerFactories   : Hibernate is in classpath; If applicable, HQL parser will be used.
2026-06-24T12:35:26.227+05:30  WARN 12644 --- [agrilink] [restartedMain] JpaBaseConfiguration$JpaWebConfiguration : spring.jpa.open-in-view is enabled by default. Therefore, database queries may be performed during view rendering. Explicitly configure spring.jpa.open-in-view to disable this warning
2026-06-24T12:35:27.154+05:30  INFO 12644 --- [agrilink] [restartedMain] o.s.boot.tomcat.TomcatWebServer          : Tomcat started on port 8088 (http) with context path '/'
2026-06-24T12:35:27.173+05:30  INFO 12644 --- [agrilink] [restartedMain] com.cts.agrilink.AgrilinkApplication     : Started AgrilinkApplication in 17.475 seconds (process running for 19.249)
2026-06-24T12:37:35.737+05:30  INFO 12644 --- [agrilink] [SpringApplicationShutdownHook] o.s.boot.tomcat.GracefulShutdown         : Commencing graceful shutdown. Waiting for active requests to complete
2026-06-24T12:37:35.768+05:30  INFO 12644 --- [agrilink] [tomcat-shutdown] o.s.boot.tomcat.GracefulShutdown         : Graceful shutdown complete
2026-06-24T12:37:35.777+05:30  INFO 12644 --- [agrilink] [SpringApplicationShutdownHook] j.LocalContainerEntityManagerFactoryBean : Closing JPA EntityManagerFactory for persistence unit 'default'
2026-06-24T12:37:35.787+05:30  INFO 12644 --- [agrilink] [SpringApplicationShutdownHook] com.zaxxer.hikari.HikariDataSource       : HikariPool-1 - Shutdown initiated...
2026-06-24T12:37:35.800+05:30  INFO 12644 --- [agrilink] [SpringApplicationShutdownHook] com.zaxxer.hikari.HikariDataSource       : HikariPool-1 - Shutdown completed.
2026-06-24T14:23:41.648+05:30  INFO 24820 --- [agrilink] [restartedMain] com.cts.agrilink.AgrilinkApplication     : Starting AgrilinkApplication using Java 21.0.2 with PID 24820 (C:\Users\2506611\Desktop\AgriLink\target\classes started by 2506611 in C:\Users\2506611\Desktop\AgriLink)
2026-06-24T14:23:41.656+05:30 DEBUG 24820 --- [agrilink] [restartedMain] com.cts.agrilink.AgrilinkApplication     : Running with Spring Boot v4.0.6, Spring v7.0.7
2026-06-24T14:23:41.660+05:30  INFO 24820 --- [agrilink] [restartedMain] com.cts.agrilink.AgrilinkApplication     : No active profile set, falling back to 1 default profile: "default"
2026-06-24T14:23:41.834+05:30  INFO 24820 --- [agrilink] [restartedMain] .e.DevToolsPropertyDefaultsPostProcessor : Devtools property defaults active! Set 'spring.devtools.add-properties' to 'false' to disable
2026-06-24T14:23:41.836+05:30  INFO 24820 --- [agrilink] [restartedMain] .e.DevToolsPropertyDefaultsPostProcessor : For additional web related logging consider setting the 'logging.level.web' property to 'DEBUG'
2026-06-24T14:23:44.658+05:30  INFO 24820 --- [agrilink] [restartedMain] .s.d.r.c.RepositoryConfigurationDelegate : Bootstrapping Spring Data JPA repositories in DEFAULT mode.
2026-06-24T14:23:44.906+05:30  INFO 24820 --- [agrilink] [restartedMain] .s.d.r.c.RepositoryConfigurationDelegate : Finished Spring Data repository scanning in 216 ms. Found 2 JPA repository interfaces.
2026-06-24T14:23:46.893+05:30  INFO 24820 --- [agrilink] [restartedMain] o.s.boot.tomcat.TomcatWebServer          : Tomcat initialized with port 8088 (http)
2026-06-24T14:23:46.939+05:30  INFO 24820 --- [agrilink] [restartedMain] o.apache.catalina.core.StandardService   : Starting service [Tomcat]
2026-06-24T14:23:46.942+05:30  INFO 24820 --- [agrilink] [restartedMain] o.apache.catalina.core.StandardEngine    : Starting Servlet engine: [Apache Tomcat/11.0.21]
2026-06-24T14:23:47.122+05:30  INFO 24820 --- [agrilink] [restartedMain] b.w.c.s.WebApplicationContextInitializer : Root WebApplicationContext: initialization completed in 5283 ms
2026-06-24T14:23:48.001+05:30  INFO 24820 --- [agrilink] [restartedMain] com.zaxxer.hikari.HikariDataSource       : HikariPool-1 - Starting...
2026-06-24T14:23:49.805+05:30  INFO 24820 --- [agrilink] [restartedMain] com.zaxxer.hikari.pool.HikariPool        : HikariPool-1 - Added connection com.mysql.cj.jdbc.ConnectionImpl@519bd0eb
2026-06-24T14:23:49.811+05:30  INFO 24820 --- [agrilink] [restartedMain] com.zaxxer.hikari.HikariDataSource       : HikariPool-1 - Start completed.
2026-06-24T14:23:49.962+05:30  INFO 24820 --- [agrilink] [restartedMain] org.hibernate.orm.jpa                    : HHH008540: Processing PersistenceUnitInfo [name: default]
2026-06-24T14:23:50.491+05:30  INFO 24820 --- [agrilink] [restartedMain] org.hibernate.orm.core                   : HHH000001: Hibernate ORM core version 7.2.12.Final
2026-06-24T14:23:52.962+05:30  INFO 24820 --- [agrilink] [restartedMain] o.s.o.j.p.SpringPersistenceUnitInfo      : No LoadTimeWeaver setup: ignoring JPA class transformer
2026-06-24T14:23:53.247+05:30  WARN 24820 --- [agrilink] [restartedMain] org.hibernate.orm.deprecation            : HHH90000025: MySQLDialect does not need to be specified explicitly using 'hibernate.dialect' (remove the property setting and it will be selected by default)
2026-06-24T14:23:53.315+05:30  INFO 24820 --- [agrilink] [restartedMain] org.hibernate.orm.connections.pooling    : HHH10001005: Database info:
	Database JDBC URL [jdbc:mysql://localhost:3306/agrilink]
	Database driver: MySQL Connector/J
	Database dialect: MySQLDialect
	Database version: 8.0.45
	Default catalog/schema: agrilink/undefined
	Autocommit mode: undefined/unknown
	Isolation level: REPEATABLE_READ [default REPEATABLE_READ]
	JDBC fetch size: none
	Pool: DataSourceConnectionProvider
	Minimum pool size: undefined/unknown
	Maximum pool size: undefined/unknown
2026-06-24T14:23:57.450+05:30  INFO 24820 --- [agrilink] [restartedMain] org.hibernate.orm.core                   : HHH000489: No JTA platform available (set 'hibernate.transaction.jta.platform' to enable JTA platform integration)
2026-06-24T14:23:57.732+05:30  INFO 24820 --- [agrilink] [restartedMain] j.LocalContainerEntityManagerFactoryBean : Initialized JPA EntityManagerFactory for persistence unit 'default'
2026-06-24T14:23:57.986+05:30  INFO 24820 --- [agrilink] [restartedMain] o.s.d.j.r.query.QueryEnhancerFactories   : Hibernate is in classpath; If applicable, HQL parser will be used.
2026-06-24T14:23:58.882+05:30  WARN 24820 --- [agrilink] [restartedMain] JpaBaseConfiguration$JpaWebConfiguration : spring.jpa.open-in-view is enabled by default. Therefore, database queries may be performed during view rendering. Explicitly configure spring.jpa.open-in-view to disable this warning
2026-06-24T14:24:00.105+05:30  INFO 24820 --- [agrilink] [restartedMain] o.s.boot.tomcat.TomcatWebServer          : Tomcat started on port 8088 (http) with context path '/'
2026-06-24T14:24:00.123+05:30  INFO 24820 --- [agrilink] [restartedMain] com.cts.agrilink.AgrilinkApplication     : Started AgrilinkApplication in 20.919 seconds (process running for 22.756)
2026-06-24T14:24:49.301+05:30  INFO 24820 --- [agrilink] [http-nio-8088-exec-2] o.a.c.c.C.[Tomcat].[localhost].[/]       : Initializing Spring DispatcherServlet 'dispatcherServlet'
2026-06-24T14:24:49.301+05:30  INFO 24820 --- [agrilink] [http-nio-8088-exec-2] o.s.web.servlet.DispatcherServlet        : Initializing Servlet 'dispatcherServlet'
2026-06-24T14:24:49.309+05:30  INFO 24820 --- [agrilink] [http-nio-8088-exec-2] o.s.web.servlet.DispatcherServlet        : Completed initialization in 8 ms
2026-06-24T14:24:50.445+05:30  INFO 24820 --- [agrilink] [http-nio-8088-exec-2] c.c.a.i.controller.AgriInputController   : POST /inputs - add input ' Fertiliser'
2026-06-24T14:24:50.957+05:30  INFO 24820 --- [agrilink] [http-nio-8088-exec-2] c.c.a.i.service.AgriInputService         : Added agri input to catalog: name=' Fertiliser', category='Fertiliser'
2026-06-24T14:37:18.682+05:30  WARN 24820 --- [agrilink] [HikariPool-1:housekeeper] com.zaxxer.hikari.pool.HikariPool        : HikariPool-1 - Thread starvation or clock leap detected (housekeeper delta=9m28s722ms80µs600ns).
2026-06-24T14:45:36.430+05:30  WARN 24820 --- [agrilink] [HikariPool-1:housekeeper] com.zaxxer.hikari.pool.HikariPool        : HikariPool-1 - Thread starvation or clock leap detected (housekeeper delta=3m47s663ms800µs).
2026-06-24T14:45:41.454+05:30  INFO 24820 --- [agrilink] [http-nio-8088-exec-4] c.c.a.i.c.InputRequestController         : POST /input-requests - submit request for farmerId=501
2026-06-24T14:45:41.740+05:30  INFO 24820 --- [agrilink] [http-nio-8088-exec-4] c.c.a.i.service.InputRequestService      : Submitted input request: farmerId=501, inputId=1, qty=50
2026-06-24T14:45:47.405+05:30 DEBUG 24820 --- [agrilink] [http-nio-8088-exec-6] c.c.a.i.service.AgriInputService         : Fetching all agri inputs
2026-06-24T14:45:53.171+05:30 DEBUG 24820 --- [agrilink] [http-nio-8088-exec-7] c.c.a.i.service.AgriInputService         : Fetching agri input with ID: 1
2026-06-24T14:45:58.989+05:30 DEBUG 24820 --- [agrilink] [http-nio-8088-exec-8] c.c.a.i.service.AgriInputService         : Fetching agri inputs in category: fertiliser
2026-06-24T14:46:05.815+05:30 DEBUG 24820 --- [agrilink] [http-nio-8088-exec-9] c.c.a.i.service.AgriInputService         : Fetching agri inputs with status: available
2026-06-24T14:46:11.405+05:30 DEBUG 24820 --- [agrilink] [http-nio-8088-exec-10] c.c.a.i.service.InputRequestService      : Fetching all input requests
2026-06-24T14:46:23.459+05:30 DEBUG 24820 --- [agrilink] [http-nio-8088-exec-1] c.c.a.i.service.InputRequestService      : Fetching input request with ID: 1
2026-06-24T14:46:30.920+05:30 DEBUG 24820 --- [agrilink] [http-nio-8088-exec-2] c.c.a.i.service.InputRequestService      : Fetching input requests for farmer ID: 501
2026-06-24T14:46:37.814+05:30 DEBUG 24820 --- [agrilink] [http-nio-8088-exec-3] c.c.a.i.service.InputRequestService      : Fetching input requests with status: requested
2026-06-24T14:46:44.325+05:30 DEBUG 24820 --- [agrilink] [http-nio-8088-exec-5] c.c.a.i.service.InputRequestService      : Fetching input requests for centre ID: 12
2026-06-24T14:46:50.542+05:30  INFO 24820 --- [agrilink] [http-nio-8088-exec-4] c.c.a.i.controller.AgriInputController   : PUT /inputs/2/stock - update stock
2026-06-24T14:46:50.576+05:30  WARN 24820 --- [agrilink] [http-nio-8088-exec-4] c.c.a.i.e.GlobalExceptionHandler         : Resource not found: Input not found with ID: 2
2026-06-24T14:46:50.583+05:30  WARN 24820 --- [agrilink] [http-nio-8088-exec-4] .m.m.a.ExceptionHandlerExceptionResolver : Resolved [com.cts.agrilink.inputAndProcurementMangement.exception.ResourceNotFoundException: Input not found with ID: 2]
2026-06-24T14:47:00.538+05:30  INFO 24820 --- [agrilink] [http-nio-8088-exec-6] c.c.a.i.controller.AgriInputController   : PUT /inputs/1/stock - update stock
2026-06-24T14:47:00.619+05:30  INFO 24820 --- [agrilink] [http-nio-8088-exec-6] c.c.a.i.service.AgriInputService         : Updated stock for agri input ID: 1 to 4500
2026-06-24T14:47:07.430+05:30  INFO 24820 --- [agrilink] [http-nio-8088-exec-7] c.c.a.i.c.InputRequestController         : PUT /input-requests/1 - update request
2026-06-24T14:47:07.445+05:30  INFO 24820 --- [agrilink] [http-nio-8088-exec-7] c.c.a.i.service.InputRequestService      : Updated input request ID: 1
2026-06-24T14:47:14.137+05:30  INFO 24820 --- [agrilink] [http-nio-8088-exec-8] c.c.a.i.c.InputRequestController         : PUT /input-requests/1/approve
2026-06-24T14:47:14.152+05:30  INFO 24820 --- [agrilink] [http-nio-8088-exec-8] c.c.a.i.service.InputRequestService      : Approved input request ID: 1 by officer_id_45
2026-06-24T14:47:21.711+05:30  INFO 24820 --- [agrilink] [http-nio-8088-exec-9] c.c.a.i.c.InputRequestController         : PUT /input-requests/1/dispatch
2026-06-24T14:47:21.721+05:30  INFO 24820 --- [agrilink] [http-nio-8088-exec-9] c.c.a.i.service.InputRequestService      : Dispatched input request ID: 1 by staff_id_9
2026-06-24T14:47:30.871+05:30  INFO 24820 --- [agrilink] [http-nio-8088-exec-10] c.c.a.i.c.InputRequestController         : PUT /input-requests/1/deliver
2026-06-24T14:47:30.891+05:30  INFO 24820 --- [agrilink] [http-nio-8088-exec-10] c.c.a.i.service.InputRequestService      : Delivered input request ID: 1 received by farmer_id_501
2026-06-24T14:47:39.605+05:30  INFO 24820 --- [agrilink] [http-nio-8088-exec-1] c.c.a.i.controller.AgriInputController   : DELETE /inputs/2
2026-06-24T14:47:39.666+05:30  WARN 24820 --- [agrilink] [http-nio-8088-exec-1] c.c.a.i.e.GlobalExceptionHandler         : Resource not found: Input not found with ID: 2
2026-06-24T14:47:39.670+05:30  WARN 24820 --- [agrilink] [http-nio-8088-exec-1] .m.m.a.ExceptionHandlerExceptionResolver : Resolved [com.cts.agrilink.inputAndProcurementMangement.exception.ResourceNotFoundException: Input not found with ID: 2]
2026-06-24T14:47:49.656+05:30  INFO 24820 --- [agrilink] [http-nio-8088-exec-2] c.c.a.i.controller.AgriInputController   : DELETE /inputs/1
2026-06-24T14:47:49.763+05:30  INFO 24820 --- [agrilink] [http-nio-8088-exec-2] c.c.a.i.service.AgriInputService         : Deleted agri input ID: 1
2026-06-24T14:48:00.665+05:30  INFO 24820 --- [agrilink] [http-nio-8088-exec-3] c.c.a.i.c.InputRequestController         : DELETE /input-requests/1
2026-06-24T14:48:00.698+05:30  WARN 24820 --- [agrilink] [http-nio-8088-exec-3] c.c.a.i.e.GlobalExceptionHandler         : Resource not found: Input request not found with ID: 1
2026-06-24T14:48:00.702+05:30  WARN 24820 --- [agrilink] [http-nio-8088-exec-3] .m.m.a.ExceptionHandlerExceptionResolver : Resolved [com.cts.agrilink.inputAndProcurementMangement.exception.ResourceNotFoundException: Input request not found with ID: 1]
2026-06-24T14:48:07.273+05:30  INFO 24820 --- [agrilink] [http-nio-8088-exec-5] c.c.a.i.c.InputRequestController         : DELETE /input-requests/2
2026-06-24T14:48:07.292+05:30  WARN 24820 --- [agrilink] [http-nio-8088-exec-5] c.c.a.i.e.GlobalExceptionHandler         : Resource not found: Input request not found with ID: 2
2026-06-24T14:48:07.296+05:30  WARN 24820 --- [agrilink] [http-nio-8088-exec-5] .m.m.a.ExceptionHandlerExceptionResolver : Resolved [com.cts.agrilink.inputAndProcurementMangement.exception.ResourceNotFoundException: Input request not found with ID: 2]
2026-06-24T14:48:34.850+05:30 DEBUG 24820 --- [agrilink] [http-nio-8088-exec-4] c.c.a.i.service.AgriInputService         : Fetching all agri inputs
2026-06-24T14:48:40.313+05:30  INFO 24820 --- [agrilink] [http-nio-8088-exec-6] c.c.a.i.controller.AgriInputController   : POST /inputs - add input ' Fertiliser'
2026-06-24T14:48:40.342+05:30  INFO 24820 --- [agrilink] [http-nio-8088-exec-6] c.c.a.i.service.AgriInputService         : Added agri input to catalog: name=' Fertiliser', category='Fertiliser'
2026-06-24T14:48:45.204+05:30 DEBUG 24820 --- [agrilink] [http-nio-8088-exec-7] c.c.a.i.service.AgriInputService         : Fetching all agri inputs
2026-06-24T14:49:01.846+05:30  INFO 24820 --- [agrilink] [http-nio-8088-exec-8] c.c.a.i.controller.AgriInputController   : DELETE /inputs/2
2026-06-24T14:49:01.903+05:30  INFO 24820 --- [agrilink] [http-nio-8088-exec-8] c.c.a.i.service.AgriInputService         : Deleted agri input ID: 2
2026-06-24T14:49:09.544+05:30  INFO 24820 --- [agrilink] [http-nio-8088-exec-9] c.c.a.i.c.InputRequestController         : DELETE /input-requests/2
2026-06-24T14:49:09.556+05:30  WARN 24820 --- [agrilink] [http-nio-8088-exec-9] c.c.a.i.e.GlobalExceptionHandler         : Resource not found: Input request not found with ID: 2
2026-06-24T14:49:09.558+05:30  WARN 24820 --- [agrilink] [http-nio-8088-exec-9] .m.m.a.ExceptionHandlerExceptionResolver : Resolved [com.cts.agrilink.inputAndProcurementMangement.exception.ResourceNotFoundException: Input request not found with ID: 2]
2026-06-24T14:57:17.666+05:30  WARN 24820 --- [agrilink] [HikariPool-1:housekeeper] com.zaxxer.hikari.pool.HikariPool        : HikariPool-1 - Thread starvation or clock leap detected (housekeeper delta=3m41s95ms984µs200ns).
2026-06-24T15:06:28.368+05:30  WARN 24820 --- [agrilink] [HikariPool-1:housekeeper] com.zaxxer.hikari.pool.HikariPool        : HikariPool-1 - Thread starvation or clock leap detected (housekeeper delta=6m10s672ms25µs600ns).
2026-06-24T15:12:44.890+05:30  WARN 24820 --- [agrilink] [HikariPool-1:housekeeper] com.zaxxer.hikari.pool.HikariPool        : HikariPool-1 - Thread starvation or clock leap detected (housekeeper delta=3m16s468ms314µs400ns).
2026-06-24T15:22:30.734+05:30  WARN 24820 --- [agrilink] [HikariPool-1:housekeeper] com.zaxxer.hikari.pool.HikariPool        : HikariPool-1 - Thread starvation or clock leap detected (housekeeper delta=9m45s844ms284µs700ns).
2026-06-24T15:22:42.731+05:30  INFO 24820 --- [agrilink] [http-nio-8088-exec-2] c.c.a.i.controller.AgriInputController   : POST /inputs - add input ' Fertiliser'
2026-06-24T15:22:42.758+05:30  INFO 24820 --- [agrilink] [http-nio-8088-exec-2] c.c.a.i.service.AgriInputService         : Added agri input to catalog: name=' Fertiliser', category='Fertiliser'
2026-06-24T15:25:16.771+05:30  INFO 24820 --- [agrilink] [SpringApplicationShutdownHook] o.s.boot.tomcat.GracefulShutdown         : Commencing graceful shutdown. Waiting for active requests to complete
2026-06-24T15:25:16.796+05:30  INFO 24820 --- [agrilink] [tomcat-shutdown] o.s.boot.tomcat.GracefulShutdown         : Graceful shutdown complete
2026-06-24T15:25:16.803+05:30  INFO 24820 --- [agrilink] [SpringApplicationShutdownHook] j.LocalContainerEntityManagerFactoryBean : Closing JPA EntityManagerFactory for persistence unit 'default'
2026-06-24T15:25:16.816+05:30  INFO 24820 --- [agrilink] [SpringApplicationShutdownHook] com.zaxxer.hikari.HikariDataSource       : HikariPool-1 - Shutdown initiated...
2026-06-24T15:25:16.822+05:30  INFO 24820 --- [agrilink] [SpringApplicationShutdownHook] com.zaxxer.hikari.HikariDataSource       : HikariPool-1 - Shutdown completed.
2026-06-24T15:50:57.784+05:30  INFO 17596 --- [agrilink] [restartedMain] com.cts.agrilink.AgrilinkApplication     : Starting AgrilinkApplication using Java 21.0.2 with PID 17596 (C:\Users\2506611\Desktop\AgriLink\target\classes started by 2506611 in C:\Users\2506611\Desktop\AgriLink)
2026-06-24T15:50:57.794+05:30 DEBUG 17596 --- [agrilink] [restartedMain] com.cts.agrilink.AgrilinkApplication     : Running with Spring Boot v4.0.6, Spring v7.0.7
2026-06-24T15:50:57.800+05:30  INFO 17596 --- [agrilink] [restartedMain] com.cts.agrilink.AgrilinkApplication     : No active profile set, falling back to 1 default profile: "default"
2026-06-24T15:50:57.999+05:30  INFO 17596 --- [agrilink] [restartedMain] .e.DevToolsPropertyDefaultsPostProcessor : Devtools property defaults active! Set 'spring.devtools.add-properties' to 'false' to disable
2026-06-24T15:50:58.002+05:30  INFO 17596 --- [agrilink] [restartedMain] .e.DevToolsPropertyDefaultsPostProcessor : For additional web related logging consider setting the 'logging.level.web' property to 'DEBUG'
2026-06-24T15:51:00.388+05:30  INFO 17596 --- [agrilink] [restartedMain] .s.d.r.c.RepositoryConfigurationDelegate : Bootstrapping Spring Data JPA repositories in DEFAULT mode.
2026-06-24T15:51:00.632+05:30  INFO 17596 --- [agrilink] [restartedMain] .s.d.r.c.RepositoryConfigurationDelegate : Finished Spring Data repository scanning in 217 ms. Found 2 JPA repository interfaces.
2026-06-24T15:51:02.549+05:30  INFO 17596 --- [agrilink] [restartedMain] o.s.boot.tomcat.TomcatWebServer          : Tomcat initialized with port 8088 (http)
2026-06-24T15:51:02.602+05:30  INFO 17596 --- [agrilink] [restartedMain] o.apache.catalina.core.StandardService   : Starting service [Tomcat]
2026-06-24T15:51:02.607+05:30  INFO 17596 --- [agrilink] [restartedMain] o.apache.catalina.core.StandardEngine    : Starting Servlet engine: [Apache Tomcat/11.0.21]
2026-06-24T15:51:02.805+05:30  INFO 17596 --- [agrilink] [restartedMain] b.w.c.s.WebApplicationContextInitializer : Root WebApplicationContext: initialization completed in 4801 ms
2026-06-24T15:51:03.596+05:30  INFO 17596 --- [agrilink] [restartedMain] com.zaxxer.hikari.HikariDataSource       : HikariPool-1 - Starting...
2026-06-24T15:51:05.073+05:30  INFO 17596 --- [agrilink] [restartedMain] com.zaxxer.hikari.pool.HikariPool        : HikariPool-1 - Added connection com.mysql.cj.jdbc.ConnectionImpl@74844d39
2026-06-24T15:51:05.078+05:30  INFO 17596 --- [agrilink] [restartedMain] com.zaxxer.hikari.HikariDataSource       : HikariPool-1 - Start completed.
2026-06-24T15:51:05.153+05:30  INFO 17596 --- [agrilink] [restartedMain] org.hibernate.orm.jpa                    : HHH008540: Processing PersistenceUnitInfo [name: default]
2026-06-24T15:51:05.492+05:30  INFO 17596 --- [agrilink] [restartedMain] org.hibernate.orm.core                   : HHH000001: Hibernate ORM core version 7.2.12.Final
2026-06-24T15:51:07.490+05:30  INFO 17596 --- [agrilink] [restartedMain] o.s.o.j.p.SpringPersistenceUnitInfo      : No LoadTimeWeaver setup: ignoring JPA class transformer
2026-06-24T15:51:07.712+05:30  WARN 17596 --- [agrilink] [restartedMain] org.hibernate.orm.deprecation            : HHH90000025: MySQLDialect does not need to be specified explicitly using 'hibernate.dialect' (remove the property setting and it will be selected by default)
2026-06-24T15:51:07.738+05:30  INFO 17596 --- [agrilink] [restartedMain] org.hibernate.orm.connections.pooling    : HHH10001005: Database info:
	Database JDBC URL [jdbc:mysql://localhost:3306/agrilink]
	Database driver: MySQL Connector/J
	Database dialect: MySQLDialect
	Database version: 8.0.45
	Default catalog/schema: agrilink/undefined
	Autocommit mode: undefined/unknown
	Isolation level: REPEATABLE_READ [default REPEATABLE_READ]
	JDBC fetch size: none
	Pool: DataSourceConnectionProvider
	Minimum pool size: undefined/unknown
	Maximum pool size: undefined/unknown
2026-06-24T15:51:12.877+05:30  INFO 17596 --- [agrilink] [restartedMain] org.hibernate.orm.core                   : HHH000489: No JTA platform available (set 'hibernate.transaction.jta.platform' to enable JTA platform integration)
2026-06-24T15:51:13.742+05:30  INFO 17596 --- [agrilink] [restartedMain] j.LocalContainerEntityManagerFactoryBean : Initialized JPA EntityManagerFactory for persistence unit 'default'
2026-06-24T15:51:14.100+05:30  INFO 17596 --- [agrilink] [restartedMain] o.s.d.j.r.query.QueryEnhancerFactories   : Hibernate is in classpath; If applicable, HQL parser will be used.
2026-06-24T15:51:14.907+05:30  WARN 17596 --- [agrilink] [restartedMain] JpaBaseConfiguration$JpaWebConfiguration : spring.jpa.open-in-view is enabled by default. Therefore, database queries may be performed during view rendering. Explicitly configure spring.jpa.open-in-view to disable this warning
2026-06-24T15:51:16.866+05:30  INFO 17596 --- [agrilink] [restartedMain] o.s.boot.tomcat.TomcatWebServer          : Tomcat started on port 8088 (http) with context path '/'
2026-06-24T15:51:16.904+05:30  INFO 17596 --- [agrilink] [restartedMain] com.cts.agrilink.AgrilinkApplication     : Started AgrilinkApplication in 20.792 seconds (process running for 23.033)
2026-06-24T15:53:20.203+05:30  INFO 17596 --- [agrilink] [SpringApplicationShutdownHook] o.s.boot.tomcat.GracefulShutdown         : Commencing graceful shutdown. Waiting for active requests to complete
2026-06-24T15:53:20.241+05:30  INFO 17596 --- [agrilink] [tomcat-shutdown] o.s.boot.tomcat.GracefulShutdown         : Graceful shutdown complete
2026-06-24T15:53:20.248+05:30  INFO 17596 --- [agrilink] [SpringApplicationShutdownHook] j.LocalContainerEntityManagerFactoryBean : Closing JPA EntityManagerFactory for persistence unit 'default'
2026-06-24T15:53:20.257+05:30  INFO 17596 --- [agrilink] [SpringApplicationShutdownHook] com.zaxxer.hikari.HikariDataSource       : HikariPool-1 - Shutdown initiated...
2026-06-24T15:53:20.277+05:30  INFO 17596 --- [agrilink] [SpringApplicationShutdownHook] com.zaxxer.hikari.HikariDataSource       : HikariPool-1 - Shutdown completed.
